<?xml version="1.0" encoding="UTF-8"?>
<testsuite xmlns:xsi="http://www.w3.org/2001/XMLSchema-instance" xsi:noNamespaceSchemaLocation="https://maven.apache.org/surefire/maven-surefire-plugin/xsd/surefire-test-report.xsd" name="application.controller.UserWebRequestTest" time="0.279" tests="4" errors="0" skipped="0" failures="0">
  <properties>
[...]
</properties>
  <testcase name="addUser" classname="application.controller.UserWebRequestTest" time="0.062"/>
  <testcase name="getAllShouldReturnAllUsers" classname="application.controller.UserWebRequestTest" time="0.077"/>
  <testcase name="testFiltring" classname="application.controller.UserWebRequestTest" time="0.093"/>
  <testcase name="addAllShouldReturnNewUser" classname="application.controller.UserWebRequestTest" time="0.044"/>
</testsuite>